<?xml version="1.0" encoding="UTF-8"?>
<!-- Generated by org.testng.reporters.JUnitXMLReporter -->
<testsuite ignored="0" hostname="LAPTOP-7TR7NGPB" failures="0" tests="3" name="Default test" time="0.041" errors="0" timestamp="2023-08-30T07:34:10 AEST">
  <testcase classname="testNGPractice.DataproviderExample" name="dataprovidermetho" time="0.004"/>
  <testcase classname="testNGPractice.DataproviderExample" name="dataprovidermetho" time="0.0"/>
  <testcase classname="testNGPractice.DataproviderExample" name="dataprovidermetho" time="0.002"/>
</testsuite> <!-- Default test -->
