<?xml version="1.0" encoding="UTF-8"?>
<!-- Generated by org.testng.reporters.JUnitXMLReporter -->
<testsuite ignored="0" hostname="LAPTOP-7TR7NGPB" failures="3" tests="3" name="Test" time="26.352" errors="0" timestamp="2023-08-30T07:21:24 AEST">
  <testcase classname="Organization.CreateOrganization" name="createOrganization" time="5.432">
    <failure type="java.lang.AssertionError" message="expected [true] but found [false]">
      <![CDATA[java.lang.AssertionError: expected [true] but found [false]
at Organization.CreateOrganization.createOrganization(CreateOrganization.java:119)
at java.base/java.util.ArrayList.forEach(ArrayList.java:1511)
... Removed 33 stack frames]]>
    </failure>
  </testcase> <!-- createOrganization -->
  <testcase classname="Organization.CreateOrganization" name="createOrganization" time="4.366">
    <failure type="java.lang.AssertionError" message="expected [true] but found [false]">
      <![CDATA[java.lang.AssertionError: expected [true] but found [false]
at Organization.CreateOrganization.createOrganization(CreateOrganization.java:119)
at java.base/java.util.ArrayList.forEach(ArrayList.java:1511)
... Removed 33 stack frames]]>
    </failure>
  </testcase> <!-- createOrganization -->
  <testcase classname="Organization.CreateOrganization" name="createOrganization" time="4.449">
    <failure type="java.lang.AssertionError" message="expected [true] but found [false]">
      <![CDATA[java.lang.AssertionError: expected [true] but found [false]
at Organization.CreateOrganization.createOrganization(CreateOrganization.java:119)
at java.base/java.util.ArrayList.forEach(ArrayList.java:1511)
... Removed 33 stack frames]]>
    </failure>
  </testcase> <!-- createOrganization -->
</testsuite> <!-- Test -->
